  [1m[35m (0.1ms)[0m  [1m[34mSELECT sqlite_version(*)[0m
  ↳ bin/rails:9
  [1m[35m (1.1ms)[0m  [1m[35mCREATE TABLE "schema_migrations" ("version" varchar NOT NULL PRIMARY KEY)[0m
  ↳ bin/rails:9
  [1m[35m (1.0ms)[0m  [1m[35mCREATE TABLE "ar_internal_metadata" ("key" varchar NOT NULL PRIMARY KEY, "value" varchar, "created_at" datetime NOT NULL, "updated_at" datetime NOT NULL)[0m
  ↳ bin/rails:9
  [1m[35m (0.2ms)[0m  [1m[34mSELECT "schema_migrations"."version" FROM "schema_migrations" ORDER BY "schema_migrations"."version" ASC[0m
  ↳ bin/rails:9
Migrating to CreateStudents (20180725163251)
  [1m[35m (0.1ms)[0m  [1m[36mbegin transaction[0m
  ↳ bin/rails:9
  [1m[35m (0.5ms)[0m  [1m[35mCREATE TABLE "students" ("id" integer PRIMARY KEY AUTOINCREMENT NOT NULL, "first_name" varchar, "last_name" varchar, "created_at" datetime NOT NULL, "updated_at" datetime NOT NULL)[0m
  ↳ db/migrate/20180725163251_create_students.rb:3
  [1m[36mActiveRecord::SchemaMigration Create (0.2ms)[0m  [1m[32mINSERT INTO "schema_migrations" ("version") VALUES (?)[0m  [["version", "20180725163251"]]
  ↳ bin/rails:9
  [1m[35m (0.6ms)[0m  [1m[36mcommit transaction[0m
  ↳ bin/rails:9
  [1m[36mActiveRecord::InternalMetadata Load (0.2ms)[0m  [1m[34mSELECT  "ar_internal_metadata".* FROM "ar_internal_metadata" WHERE "ar_internal_metadata"."key" = ? LIMIT ?[0m  [["key", "environment"], ["LIMIT", 1]]
  ↳ bin/rails:9
  [1m[35m (0.1ms)[0m  [1m[36mbegin transaction[0m
  ↳ bin/rails:9
  [1m[36mActiveRecord::InternalMetadata Create (0.3ms)[0m  [1m[32mINSERT INTO "ar_internal_metadata" ("key", "value", "created_at", "updated_at") VALUES (?, ?, ?, ?)[0m  [["key", "environment"], ["value", "development"], ["created_at", "2018-07-25 16:35:31.805930"], ["updated_at", "2018-07-25 16:35:31.805930"]]
  ↳ bin/rails:9
  [1m[35m (0.6ms)[0m  [1m[36mcommit transaction[0m
  ↳ bin/rails:9
  [1m[35m (0.2ms)[0m  [1m[34mSELECT "schema_migrations"."version" FROM "schema_migrations" ORDER BY "schema_migrations"."version" ASC[0m
  ↳ bin/rails:9
  [1m[35m (0.4ms)[0m  [1m[34mSELECT "schema_migrations"."version" FROM "schema_migrations" ORDER BY "schema_migrations"."version" ASC[0m
  ↳ bin/rails:9
  [1m[35m (0.3ms)[0m  [1m[34mSELECT "schema_migrations"."version" FROM "schema_migrations" ORDER BY "schema_migrations"."version" ASC[0m
  ↳ bin/rails:9
  [1m[35m (0.1ms)[0m  [1m[36mbegin transaction[0m
  ↳ db/seeds.rb:13
  [1m[36mStudent Create (0.8ms)[0m  [1m[32mINSERT INTO "students" ("first_name", "last_name", "created_at", "updated_at") VALUES (?, ?, ?, ?)[0m  [["first_name", "Florian Triangle"], ["last_name", "Bailey"], ["created_at", "2018-07-25 16:42:13.486012"], ["updated_at", "2018-07-25 16:42:13.486012"]]
  ↳ db/seeds.rb:13
  [1m[35m (0.6ms)[0m  [1m[36mcommit transaction[0m
  ↳ db/seeds.rb:13
  [1m[35m (0.0ms)[0m  [1m[36mbegin transaction[0m
  ↳ db/seeds.rb:13
  [1m[36mStudent Create (0.2ms)[0m  [1m[32mINSERT INTO "students" ("first_name", "last_name", "created_at", "updated_at") VALUES (?, ?, ?, ?)[0m  [["first_name", "Long Ring Long Land"], ["last_name", "Dakota"], ["created_at", "2018-07-25 16:42:13.489310"], ["updated_at", "2018-07-25 16:42:13.489310"]]
  ↳ db/seeds.rb:13
  [1m[35m (0.5ms)[0m  [1m[36mcommit transaction[0m
  ↳ db/seeds.rb:13
  [1m[35m (0.0ms)[0m  [1m[36mbegin transaction[0m
  ↳ db/seeds.rb:13
  [1m[36mStudent Create (0.2ms)[0m  [1m[32mINSERT INTO "students" ("first_name", "last_name", "created_at", "updated_at") VALUES (?, ?, ?, ?)[0m  [["first_name", "Dressrosa"], ["last_name", "Murphy"], ["created_at", "2018-07-25 16:42:13.491265"], ["updated_at", "2018-07-25 16:42:13.491265"]]
  ↳ db/seeds.rb:13
  [1m[35m (0.5ms)[0m  [1m[36mcommit transaction[0m
  ↳ db/seeds.rb:13
  [1m[35m (0.0ms)[0m  [1m[36mbegin transaction[0m
  ↳ db/seeds.rb:13
  [1m[36mStudent Create (0.2ms)[0m  [1m[32mINSERT INTO "students" ("first_name", "last_name", "created_at", "updated_at") VALUES (?, ?, ?, ?)[0m  [["first_name", "Elbaf"], ["last_name", "Mia"], ["created_at", "2018-07-25 16:42:13.493110"], ["updated_at", "2018-07-25 16:42:13.493110"]]
  ↳ db/seeds.rb:13
  [1m[35m (0.5ms)[0m  [1m[36mcommit transaction[0m
  ↳ db/seeds.rb:13
  [1m[35m (0.0ms)[0m  [1m[36mbegin transaction[0m
  ↳ db/seeds.rb:13
  [1m[36mStudent Create (0.2ms)[0m  [1m[32mINSERT INTO "students" ("first_name", "last_name", "created_at", "updated_at") VALUES (?, ?, ?, ?)[0m  [["first_name", "Torino Kingdom"], ["last_name", "Sparky"], ["created_at", "2018-07-25 16:42:13.494824"], ["updated_at", "2018-07-25 16:42:13.494824"]]
  ↳ db/seeds.rb:13
  [1m[35m (0.5ms)[0m  [1m[36mcommit transaction[0m
  ↳ db/seeds.rb:13
  [1m[35m (0.0ms)[0m  [1m[36mbegin transaction[0m
  ↳ db/seeds.rb:13
  [1m[36mStudent Create (0.2ms)[0m  [1m[32mINSERT INTO "students" ("first_name", "last_name", "created_at", "updated_at") VALUES (?, ?, ?, ?)[0m  [["first_name", "Dawn Island"], ["last_name", "Tyson"], ["created_at", "2018-07-25 16:42:13.496589"], ["updated_at", "2018-07-25 16:42:13.496589"]]
  ↳ db/seeds.rb:13
  [1m[35m (0.6ms)[0m  [1m[36mcommit transaction[0m
  ↳ db/seeds.rb:13
  [1m[35m (0.0ms)[0m  [1m[36mbegin transaction[0m
  ↳ db/seeds.rb:13
  [1m[36mStudent Create (0.2ms)[0m  [1m[32mINSERT INTO "students" ("first_name", "last_name", "created_at", "updated_at") VALUES (?, ?, ?, ?)[0m  [["first_name", "Shells Town"], ["last_name", "Rascal"], ["created_at", "2018-07-25 16:42:13.498768"], ["updated_at", "2018-07-25 16:42:13.498768"]]
  ↳ db/seeds.rb:13
  [1m[35m (0.4ms)[0m  [1m[36mcommit transaction[0m
  ↳ db/seeds.rb:13
  [1m[35m (0.0ms)[0m  [1m[36mbegin transaction[0m
  ↳ db/seeds.rb:13
  [1m[36mStudent Create (0.2ms)[0m  [1m[32mINSERT INTO "students" ("first_name", "last_name", "created_at", "updated_at") VALUES (?, ?, ?, ?)[0m  [["first_name", "Pucci"], ["last_name", "Lucy"], ["created_at", "2018-07-25 16:42:13.500604"], ["updated_at", "2018-07-25 16:42:13.500604"]]
  ↳ db/seeds.rb:13
  [1m[35m (0.6ms)[0m  [1m[36mcommit transaction[0m
  ↳ db/seeds.rb:13
  [1m[35m (0.0ms)[0m  [1m[36mbegin transaction[0m
  ↳ db/seeds.rb:13
  [1m[36mStudent Create (0.2ms)[0m  [1m[32mINSERT INTO "students" ("first_name", "last_name", "created_at", "updated_at") VALUES (?, ?, ?, ?)[0m  [["first_name", "Milk Island"], ["last_name", "Honey"], ["created_at", "2018-07-25 16:42:13.502460"], ["updated_at", "2018-07-25 16:42:13.502460"]]
  ↳ db/seeds.rb:13
  [1m[35m (0.5ms)[0m  [1m[36mcommit transaction[0m
  ↳ db/seeds.rb:13
  [1m[35m (0.0ms)[0m  [1m[36mbegin transaction[0m
  ↳ db/seeds.rb:13
  [1m[36mStudent Create (0.2ms)[0m  [1m[32mINSERT INTO "students" ("first_name", "last_name", "created_at", "updated_at") VALUES (?, ?, ?, ?)[0m  [["first_name", "Island of Rare Animals"], ["last_name", "Shelby"], ["created_at", "2018-07-25 16:42:13.504189"], ["updated_at", "2018-07-25 16:42:13.504189"]]
  ↳ db/seeds.rb:13
  [1m[35m (0.5ms)[0m  [1m[36mcommit transaction[0m
  ↳ db/seeds.rb:13
  [1m[35m (0.1ms)[0m  [1m[34mSELECT "schema_migrations"."version" FROM "schema_migrations" ORDER BY "schema_migrations"."version" ASC[0m
  ↳ bin/rails:9
Migrating to CreateCourses (20180725164329)
  [1m[35m (0.1ms)[0m  [1m[36mbegin transaction[0m
  ↳ bin/rails:9
  [1m[35m (0.1ms)[0m  [1m[34mSELECT sqlite_version(*)[0m
  ↳ db/migrate/20180725164329_create_courses.rb:3
  [1m[35m (0.4ms)[0m  [1m[35mCREATE TABLE "courses" ("id" integer PRIMARY KEY AUTOINCREMENT NOT NULL, "subject" varchar, "created_at" datetime NOT NULL, "updated_at" datetime NOT NULL)[0m
  ↳ db/migrate/20180725164329_create_courses.rb:3
  [1m[36mActiveRecord::SchemaMigration Create (0.2ms)[0m  [1m[32mINSERT INTO "schema_migrations" ("version") VALUES (?)[0m  [["version", "20180725164329"]]
  ↳ bin/rails:9
  [1m[35m (0.6ms)[0m  [1m[36mcommit transaction[0m
  ↳ bin/rails:9
  [1m[36mActiveRecord::InternalMetadata Load (0.2ms)[0m  [1m[34mSELECT  "ar_internal_metadata".* FROM "ar_internal_metadata" WHERE "ar_internal_metadata"."key" = ? LIMIT ?[0m  [["key", "environment"], ["LIMIT", 1]]
  ↳ bin/rails:9
  [1m[35m (0.1ms)[0m  [1m[36mbegin transaction[0m
  ↳ bin/rails:9
  [1m[35m (0.0ms)[0m  [1m[36mcommit transaction[0m
  ↳ bin/rails:9
  [1m[35m (0.1ms)[0m  [1m[34mSELECT "schema_migrations"."version" FROM "schema_migrations" ORDER BY "schema_migrations"."version" ASC[0m
  ↳ bin/rails:9
  [1m[35m (0.2ms)[0m  [1m[34mSELECT "schema_migrations"."version" FROM "schema_migrations" ORDER BY "schema_migrations"."version" ASC[0m
  ↳ bin/rails:9
  [1m[35m (0.0ms)[0m  [1m[36mbegin transaction[0m
  ↳ db/seeds.rb:18
  [1m[36mCourse Create (0.3ms)[0m  [1m[32mINSERT INTO "courses" ("subject", "created_at", "updated_at") VALUES (?, ?, ?)[0m  [["subject", "Pythagoras"], ["created_at", "2018-07-25 16:47:32.879978"], ["updated_at", "2018-07-25 16:47:32.879978"]]
  ↳ db/seeds.rb:18
  [1m[35m (0.5ms)[0m  [1m[36mcommit transaction[0m
  ↳ db/seeds.rb:18
  [1m[35m (0.0ms)[0m  [1m[36mbegin transaction[0m
  ↳ db/seeds.rb:18
  [1m[36mCourse Create (0.2ms)[0m  [1m[32mINSERT INTO "courses" ("subject", "created_at", "updated_at") VALUES (?, ?, ?)[0m  [["subject", "Thucydides"], ["created_at", "2018-07-25 16:47:32.882152"], ["updated_at", "2018-07-25 16:47:32.882152"]]
  ↳ db/seeds.rb:18
  [1m[35m (0.5ms)[0m  [1m[36mcommit transaction[0m
  ↳ db/seeds.rb:18
  [1m[35m (0.0ms)[0m  [1m[36mbegin transaction[0m
  ↳ db/seeds.rb:18
  [1m[36mCourse Create (0.2ms)[0m  [1m[32mINSERT INTO "courses" ("subject", "created_at", "updated_at") VALUES (?, ?, ?)[0m  [["subject", "Thucydides"], ["created_at", "2018-07-25 16:47:32.883828"], ["updated_at", "2018-07-25 16:47:32.883828"]]
  ↳ db/seeds.rb:18
  [1m[35m (0.5ms)[0m  [1m[36mcommit transaction[0m
  ↳ db/seeds.rb:18
  [1m[35m (0.1ms)[0m  [1m[34mSELECT "schema_migrations"."version" FROM "schema_migrations" ORDER BY "schema_migrations"."version" ASC[0m
  ↳ bin/rails:9
  [1m[35m (0.0ms)[0m  [1m[36mbegin transaction[0m
  ↳ db/seeds.rb:18
  [1m[36mCourse Create (0.3ms)[0m  [1m[32mINSERT INTO "courses" ("subject", "created_at", "updated_at") VALUES (?, ?, ?)[0m  [["subject", "Chrysippus"], ["created_at", "2018-07-25 16:47:45.643199"], ["updated_at", "2018-07-25 16:47:45.643199"]]
  ↳ db/seeds.rb:18
  [1m[35m (1.6ms)[0m  [1m[36mcommit transaction[0m
  ↳ db/seeds.rb:18
  [1m[35m (0.0ms)[0m  [1m[36mbegin transaction[0m
  ↳ db/seeds.rb:18
  [1m[36mCourse Create (0.2ms)[0m  [1m[32mINSERT INTO "courses" ("subject", "created_at", "updated_at") VALUES (?, ?, ?)[0m  [["subject", "Plato"], ["created_at", "2018-07-25 16:47:45.646505"], ["updated_at", "2018-07-25 16:47:45.646505"]]
  ↳ db/seeds.rb:18
  [1m[35m (0.6ms)[0m  [1m[36mcommit transaction[0m
  ↳ db/seeds.rb:18
  [1m[35m (0.0ms)[0m  [1m[36mbegin transaction[0m
  ↳ db/seeds.rb:18
  [1m[36mCourse Create (0.2ms)[0m  [1m[32mINSERT INTO "courses" ("subject", "created_at", "updated_at") VALUES (?, ?, ?)[0m  [["subject", "Chrysippus"], ["created_at", "2018-07-25 16:47:45.648300"], ["updated_at", "2018-07-25 16:47:45.648300"]]
  ↳ db/seeds.rb:18
  [1m[35m (0.5ms)[0m  [1m[36mcommit transaction[0m
  ↳ db/seeds.rb:18
  [1m[36mCourse Load (0.2ms)[0m  [1m[34mSELECT  "courses".* FROM "courses" WHERE "courses"."id" = ? LIMIT ?[0m  [["id", 4], ["LIMIT", 1]]
  [1m[36mCourse Load (1.4ms)[0m  [1m[34mSELECT  "courses".* FROM "courses" WHERE "courses"."id" = ? LIMIT ?[0m  [["id", 0], ["LIMIT", 1]]
  [1m[35m (0.1ms)[0m  [1m[36mbegin transaction[0m
  [1m[36mCourse Destroy (5.5ms)[0m  [1m[31mDELETE FROM "courses" WHERE "courses"."id" = ?[0m  [["id", 0]]
  [1m[35m (0.6ms)[0m  [1m[36mcommit transaction[0m
  [1m[36mCourse Load (0.2ms)[0m  [1m[34mSELECT  "courses".* FROM "courses" WHERE "courses"."id" = ? LIMIT ?[0m  [["id", 5], ["LIMIT", 1]]
  [1m[35m (0.1ms)[0m  [1m[36mbegin transaction[0m
  [1m[36mCourse Destroy (4.9ms)[0m  [1m[31mDELETE FROM "courses" WHERE "courses"."id" = ?[0m  [["id", 5]]
  [1m[35m (1.6ms)[0m  [1m[36mcommit transaction[0m
  [1m[36mCourse Load (1.1ms)[0m  [1m[34mSELECT  "courses".* FROM "courses" WHERE "courses"."id" = ? LIMIT ?[0m  [["id", 6], ["LIMIT", 1]]
  [1m[35m (0.1ms)[0m  [1m[36mbegin transaction[0m
  [1m[36mCourse Destroy (4.5ms)[0m  [1m[31mDELETE FROM "courses" WHERE "courses"."id" = ?[0m  [["id", 6]]
  [1m[35m (1.6ms)[0m  [1m[36mcommit transaction[0m
  [1m[35m (0.1ms)[0m  [1m[34mSELECT "schema_migrations"."version" FROM "schema_migrations" ORDER BY "schema_migrations"."version" ASC[0m
  ↳ bin/rails:9
Migrating to AddStudentsToCourse (20180725165532)
  [1m[35m (0.1ms)[0m  [1m[36mbegin transaction[0m
  ↳ bin/rails:9
  [1m[35m (0.6ms)[0m  [1m[35mALTER TABLE "students" ADD "course_id" integer[0m
  ↳ db/migrate/20180725165532_add_students_to_course.rb:3
  [1m[35m (0.1ms)[0m  [1m[34mSELECT sqlite_version(*)[0m
  ↳ db/migrate/20180725165532_add_students_to_course.rb:3
  [1m[35m (0.2ms)[0m  [1m[35mCREATE  INDEX "index_students_on_course_id" ON "students" ("course_id")[0m
  ↳ db/migrate/20180725165532_add_students_to_course.rb:3
  [1m[36mActiveRecord::SchemaMigration Create (0.2ms)[0m  [1m[32mINSERT INTO "schema_migrations" ("version") VALUES (?)[0m  [["version", "20180725165532"]]
  ↳ bin/rails:9
  [1m[35m (1.0ms)[0m  [1m[36mcommit transaction[0m
  ↳ bin/rails:9
  [1m[36mActiveRecord::InternalMetadata Load (0.1ms)[0m  [1m[34mSELECT  "ar_internal_metadata".* FROM "ar_internal_metadata" WHERE "ar_internal_metadata"."key" = ? LIMIT ?[0m  [["key", "environment"], ["LIMIT", 1]]
  ↳ bin/rails:9
  [1m[35m (0.1ms)[0m  [1m[36mbegin transaction[0m
  ↳ bin/rails:9
  [1m[35m (0.0ms)[0m  [1m[36mcommit transaction[0m
  ↳ bin/rails:9
  [1m[35m (0.1ms)[0m  [1m[34mSELECT "schema_migrations"."version" FROM "schema_migrations" ORDER BY "schema_migrations"."version" ASC[0m
  ↳ bin/rails:9
  [1m[35m (0.1ms)[0m  [1m[34mSELECT "schema_migrations"."version" FROM "schema_migrations" ORDER BY "schema_migrations"."version" ASC[0m
  ↳ bin/rails:9
  [1m[35m (0.1ms)[0m  [1m[34mSELECT "schema_migrations"."version" FROM "schema_migrations" ORDER BY "schema_migrations"."version" ASC[0m
  ↳ bin/rails:9
  [1m[36mStudent Load (0.2ms)[0m  [1m[34mSELECT  "students".* FROM "students" WHERE "students"."id" = ? LIMIT ?[0m  [["id", 1], ["LIMIT", 1]]
  ↳ db/seeds.rb:23
  [1m[35m (0.1ms)[0m  [1m[36mbegin transaction[0m
  ↳ db/seeds.rb:23
  [1m[36mCourse Load (0.1ms)[0m  [1m[34mSELECT  "courses".* FROM "courses" WHERE "courses"."id" = ? LIMIT ?[0m  [["id", 2], ["LIMIT", 1]]
  ↳ db/seeds.rb:23
  [1m[36mStudent Update (0.4ms)[0m  [1m[33mUPDATE "students" SET "course_id" = ?, "updated_at" = ? WHERE "students"."id" = ?[0m  [["course_id", 2], ["updated_at", "2018-07-25 17:01:59.319343"], ["id", 1]]
  ↳ db/seeds.rb:23
  [1m[35m (0.6ms)[0m  [1m[36mcommit transaction[0m
  ↳ db/seeds.rb:23
  [1m[36mStudent Load (0.1ms)[0m  [1m[34mSELECT  "students".* FROM "students" WHERE "students"."id" = ? LIMIT ?[0m  [["id", 2], ["LIMIT", 1]]
  ↳ db/seeds.rb:23
  [1m[35m (0.0ms)[0m  [1m[36mbegin transaction[0m
  ↳ db/seeds.rb:23
  [1m[36mCourse Load (0.1ms)[0m  [1m[34mSELECT  "courses".* FROM "courses" WHERE "courses"."id" = ? LIMIT ?[0m  [["id", 3], ["LIMIT", 1]]
  ↳ db/seeds.rb:23
  [1m[36mStudent Update (0.2ms)[0m  [1m[33mUPDATE "students" SET "course_id" = ?, "updated_at" = ? WHERE "students"."id" = ?[0m  [["course_id", 3], ["updated_at", "2018-07-25 17:01:59.323056"], ["id", 2]]
  ↳ db/seeds.rb:23
  [1m[35m (0.5ms)[0m  [1m[36mcommit transaction[0m
  ↳ db/seeds.rb:23
  [1m[36mStudent Load (0.1ms)[0m  [1m[34mSELECT  "students".* FROM "students" WHERE "students"."id" = ? LIMIT ?[0m  [["id", 3], ["LIMIT", 1]]
  ↳ db/seeds.rb:23
  [1m[35m (0.0ms)[0m  [1m[36mbegin transaction[0m
  ↳ db/seeds.rb:23
  [1m[36mCourse Load (0.1ms)[0m  [1m[34mSELECT  "courses".* FROM "courses" WHERE "courses"."id" = ? LIMIT ?[0m  [["id", 2], ["LIMIT", 1]]
  ↳ db/seeds.rb:23
  [1m[36mStudent Update (0.2ms)[0m  [1m[33mUPDATE "students" SET "course_id" = ?, "updated_at" = ? WHERE "students"."id" = ?[0m  [["course_id", 2], ["updated_at", "2018-07-25 17:01:59.326098"], ["id", 3]]
  ↳ db/seeds.rb:23
  [1m[35m (0.7ms)[0m  [1m[36mcommit transaction[0m
  ↳ db/seeds.rb:23
  [1m[36mStudent Load (0.1ms)[0m  [1m[34mSELECT  "students".* FROM "students" WHERE "students"."id" = ? LIMIT ?[0m  [["id", 4], ["LIMIT", 1]]
  ↳ db/seeds.rb:23
  [1m[35m (0.0ms)[0m  [1m[36mbegin transaction[0m
  ↳ db/seeds.rb:23
  [1m[36mCourse Load (0.1ms)[0m  [1m[34mSELECT  "courses".* FROM "courses" WHERE "courses"."id" = ? LIMIT ?[0m  [["id", 1], ["LIMIT", 1]]
  ↳ db/seeds.rb:23
  [1m[36mStudent Update (0.2ms)[0m  [1m[33mUPDATE "students" SET "course_id" = ?, "updated_at" = ? WHERE "students"."id" = ?[0m  [["course_id", 1], ["updated_at", "2018-07-25 17:01:59.329374"], ["id", 4]]
  ↳ db/seeds.rb:23
  [1m[35m (0.6ms)[0m  [1m[36mcommit transaction[0m
  ↳ db/seeds.rb:23
  [1m[36mStudent Load (0.1ms)[0m  [1m[34mSELECT  "students".* FROM "students" WHERE "students"."id" = ? LIMIT ?[0m  [["id", 5], ["LIMIT", 1]]
  ↳ db/seeds.rb:23
  [1m[35m (0.0ms)[0m  [1m[36mbegin transaction[0m
  ↳ db/seeds.rb:23
  [1m[36mCourse Load (0.1ms)[0m  [1m[34mSELECT  "courses".* FROM "courses" WHERE "courses"."id" = ? LIMIT ?[0m  [["id", 3], ["LIMIT", 1]]
  ↳ db/seeds.rb:23
  [1m[36mStudent Update (0.2ms)[0m  [1m[33mUPDATE "students" SET "course_id" = ?, "updated_at" = ? WHERE "students"."id" = ?[0m  [["course_id", 3], ["updated_at", "2018-07-25 17:01:59.332499"], ["id", 5]]
  ↳ db/seeds.rb:23
  [1m[35m (0.5ms)[0m  [1m[36mcommit transaction[0m
  ↳ db/seeds.rb:23
  [1m[36mStudent Load (0.1ms)[0m  [1m[34mSELECT  "students".* FROM "students" WHERE "students"."id" = ? LIMIT ?[0m  [["id", 6], ["LIMIT", 1]]
  ↳ db/seeds.rb:23
  [1m[35m (0.0ms)[0m  [1m[36mbegin transaction[0m
  ↳ db/seeds.rb:23
  [1m[36mCourse Load (0.1ms)[0m  [1m[34mSELECT  "courses".* FROM "courses" WHERE "courses"."id" = ? LIMIT ?[0m  [["id", 1], ["LIMIT", 1]]
  ↳ db/seeds.rb:23
  [1m[36mStudent Update (0.2ms)[0m  [1m[33mUPDATE "students" SET "course_id" = ?, "updated_at" = ? WHERE "students"."id" = ?[0m  [["course_id", 1], ["updated_at", "2018-07-25 17:01:59.335671"], ["id", 6]]
  ↳ db/seeds.rb:23
  [1m[35m (0.5ms)[0m  [1m[36mcommit transaction[0m
  ↳ db/seeds.rb:23
  [1m[36mStudent Load (0.1ms)[0m  [1m[34mSELECT  "students".* FROM "students" WHERE "students"."id" = ? LIMIT ?[0m  [["id", 7], ["LIMIT", 1]]
  ↳ db/seeds.rb:23
  [1m[35m (0.0ms)[0m  [1m[36mbegin transaction[0m
  ↳ db/seeds.rb:23
  [1m[36mCourse Load (0.1ms)[0m  [1m[34mSELECT  "courses".* FROM "courses" WHERE "courses"."id" = ? LIMIT ?[0m  [["id", 3], ["LIMIT", 1]]
  ↳ db/seeds.rb:23
  [1m[36mStudent Update (0.2ms)[0m  [1m[33mUPDATE "students" SET "course_id" = ?, "updated_at" = ? WHERE "students"."id" = ?[0m  [["course_id", 3], ["updated_at", "2018-07-25 17:01:59.338759"], ["id", 7]]
  ↳ db/seeds.rb:23
  [1m[35m (0.6ms)[0m  [1m[36mcommit transaction[0m
  ↳ db/seeds.rb:23
  [1m[36mStudent Load (0.1ms)[0m  [1m[34mSELECT  "students".* FROM "students" WHERE "students"."id" = ? LIMIT ?[0m  [["id", 8], ["LIMIT", 1]]
  ↳ db/seeds.rb:23
  [1m[35m (0.0ms)[0m  [1m[36mbegin transaction[0m
  ↳ db/seeds.rb:23
  [1m[36mCourse Load (0.1ms)[0m  [1m[34mSELECT  "courses".* FROM "courses" WHERE "courses"."id" = ? LIMIT ?[0m  [["id", 3], ["LIMIT", 1]]
  ↳ db/seeds.rb:23
  [1m[36mStudent Update (0.3ms)[0m  [1m[33mUPDATE "students" SET "course_id" = ?, "updated_at" = ? WHERE "students"."id" = ?[0m  [["course_id", 3], ["updated_at", "2018-07-25 17:01:59.341791"], ["id", 8]]
  ↳ db/seeds.rb:23
  [1m[35m (0.6ms)[0m  [1m[36mcommit transaction[0m
  ↳ db/seeds.rb:23
  [1m[36mStudent Load (0.1ms)[0m  [1m[34mSELECT  "students".* FROM "students" WHERE "students"."id" = ? LIMIT ?[0m  [["id", 9], ["LIMIT", 1]]
  ↳ db/seeds.rb:23
  [1m[35m (0.0ms)[0m  [1m[36mbegin transaction[0m
  ↳ db/seeds.rb:23
  [1m[36mCourse Load (0.1ms)[0m  [1m[34mSELECT  "courses".* FROM "courses" WHERE "courses"."id" = ? LIMIT ?[0m  [["id", 2], ["LIMIT", 1]]
  ↳ db/seeds.rb:23
  [1m[36mStudent Update (0.2ms)[0m  [1m[33mUPDATE "students" SET "course_id" = ?, "updated_at" = ? WHERE "students"."id" = ?[0m  [["course_id", 2], ["updated_at", "2018-07-25 17:01:59.345297"], ["id", 9]]
  ↳ db/seeds.rb:23
  [1m[35m (0.5ms)[0m  [1m[36mcommit transaction[0m
  ↳ db/seeds.rb:23
  [1m[36mStudent Load (0.1ms)[0m  [1m[34mSELECT  "students".* FROM "students" WHERE "students"."id" = ? LIMIT ?[0m  [["id", 10], ["LIMIT", 1]]
  ↳ db/seeds.rb:23
  [1m[35m (0.1ms)[0m  [1m[36mbegin transaction[0m
  ↳ db/seeds.rb:23
  [1m[36mCourse Load (0.1ms)[0m  [1m[34mSELECT  "courses".* FROM "courses" WHERE "courses"."id" = ? LIMIT ?[0m  [["id", 2], ["LIMIT", 1]]
  ↳ db/seeds.rb:23
  [1m[36mStudent Update (0.2ms)[0m  [1m[33mUPDATE "students" SET "course_id" = ?, "updated_at" = ? WHERE "students"."id" = ?[0m  [["course_id", 2], ["updated_at", "2018-07-25 17:01:59.348218"], ["id", 10]]
  ↳ db/seeds.rb:23
  [1m[35m (0.5ms)[0m  [1m[36mcommit transaction[0m
  ↳ db/seeds.rb:23
